<?xml version="1.0" encoding="UTF-8"?>
<testsuite xmlns:xsi="http://www.w3.org/2001/XMLSchema-instance" xsi:noNamespaceSchemaLocation="https://maven.apache.org/surefire/maven-surefire-plugin/xsd/surefire-test-report.xsd" name="com.neiljbrown.java11.StringTest" time="0.058" tests="6" errors="0" skipped="0" failures="0">
  <properties>
[...]
</properties>
  <testcase name="testStripLeading" classname="com.neiljbrown.java11.StringTest" time="0"/>
  <testcase name="testLines" classname="com.neiljbrown.java11.StringTest" time="0"/>
  <testcase name="testStripTrailing" classname="com.neiljbrown.java11.StringTest" time="0"/>
  <testcase name="testStripSimilarityAndDifferenceToTrim" classname="com.neiljbrown.java11.StringTest" time="0.047"/>
  <testcase name="testIsBlank" classname="com.neiljbrown.java11.StringTest" time="0.006"/>
  <testcase name="testRepeat" classname="com.neiljbrown.java11.StringTest" time="0.001"/>
</testsuite>